<?xml version="1.0" encoding="UTF-8"?>
<testng-results skipped="0" failed="0" ignored="0" total="1" passed="1">
  <reporter-output>
  </reporter-output>
  <suite name="Suite" duration-ms="5619" started-at="2022-08-14T16:06:46 IST" finished-at="2022-08-14T16:06:51 IST">
    <groups>
    </groups>
    <test name="Test" duration-ms="5619" started-at="2022-08-14T16:06:46 IST" finished-at="2022-08-14T16:06:51 IST">
      <class name="demo.Demo_v4">
        <test-method status="PASS" signature="beforeTest()[pri:0, instance:demo.Demo_v4@4bec1f0c]" name="beforeTest" is-config="true" duration-ms="11" started-at="2022-08-14T16:06:46 IST" finished-at="2022-08-14T16:06:46 IST">
          <reporter-output>
          </reporter-output>
        </test-method> <!-- beforeTest -->
        <test-method status="PASS" signature="test()[pri:0, instance:demo.Demo_v4@4bec1f0c]" name="test" duration-ms="4847" started-at="2022-08-14T16:06:46 IST" finished-at="2022-08-14T16:06:51 IST">
          <reporter-output>
          </reporter-output>
        </test-method> <!-- test -->
        <test-method status="PASS" signature="afterTest()[pri:0, instance:demo.Demo_v4@4bec1f0c]" name="afterTest" is-config="true" duration-ms="738" started-at="2022-08-14T16:06:51 IST" finished-at="2022-08-14T16:06:51 IST">
          <reporter-output>
          </reporter-output>
        </test-method> <!-- afterTest -->
      </class> <!-- demo.Demo_v4 -->
    </test> <!-- Test -->
  </suite> <!-- Suite -->
</testng-results>
