<?xml version="1.0" encoding="UTF-8"?>
<testng-results skipped="0" failed="0" ignored="0" total="1" passed="1">
  <reporter-output>
  </reporter-output>
  <suite name="Suite" duration-ms="51484" started-at="2022-05-29T08:35:26 IST" finished-at="2022-05-29T08:36:17 IST">
    <groups>
    </groups>
    <test name="Test" duration-ms="51484" started-at="2022-05-29T08:35:26 IST" finished-at="2022-05-29T08:36:17 IST">
      <class name="demo.Demo_v4">
        <test-method status="PASS" signature="beforeTest()[pri:0, instance:demo.Demo_v4@3159c4b8]" name="beforeTest" is-config="true" duration-ms="116" started-at="2022-05-29T08:35:26 IST" finished-at="2022-05-29T08:35:26 IST">
          <reporter-output>
          </reporter-output>
        </test-method> <!-- beforeTest -->
        <test-method status="PASS" signature="test()[pri:0, instance:demo.Demo_v4@3159c4b8]" name="test" duration-ms="28913" started-at="2022-05-29T08:35:26 IST" finished-at="2022-05-29T08:35:55 IST">
          <reporter-output>
          </reporter-output>
        </test-method> <!-- test -->
        <test-method status="PASS" signature="afterTest()[pri:0, instance:demo.Demo_v4@3159c4b8]" name="afterTest" is-config="true" duration-ms="22284" started-at="2022-05-29T08:35:55 IST" finished-at="2022-05-29T08:36:17 IST">
          <reporter-output>
          </reporter-output>
        </test-method> <!-- afterTest -->
      </class> <!-- demo.Demo_v4 -->
    </test> <!-- Test -->
  </suite> <!-- Suite -->
</testng-results>
